<?xml version="1.0" encoding="UTF-8"?>
<!-- Generated by org.testng.reporters.JUnitXMLReporter -->
<testsuite ignored="0" hostname="Amals_HP_Envy" failures="0" tests="4" name="ChromeTests" time="8.0" errors="0" timestamp="2026-05-29T01:02:15 EDT">
  <testcase classname="com.amalw.tests.RegistrationTest" name="testRegistration" time="2.678"/>
  <testcase classname="com.amalw.tests.RegistrationTest" name="testRegistration" time="2.672"/>
  <testcase classname="com.amalw.tests.RegistrationTest" name="testRegistration" time="2.662"/>
  <testcase classname="com.amalw.tests.RegistrationTest" name="testRegistration" time="2.662"/>
</testsuite> <!-- ChromeTests -->
