<?xml version="1.0" encoding="UTF-8"?>
<!-- Generated by org.testng.reporters.JUnitXMLReporter -->
<testsuite ignored="0" hostname="Amals_HP_Envy" failures="0" tests="4" name="EdgeTests" time="5.403" errors="0" timestamp="2026-05-29T01:02:31 EDT">
  <testcase classname="com.amalw.tests.RegistrationTest" name="testRegistration" time="2.803"/>
  <testcase classname="com.amalw.tests.RegistrationTest" name="testRegistration" time="2.965"/>
  <testcase classname="com.amalw.tests.RegistrationTest" name="testRegistration" time="3.041"/>
  <testcase classname="com.amalw.tests.RegistrationTest" name="testRegistration" time="3.149"/>
</testsuite> <!-- EdgeTests -->
